[02:11:52.114] [32mINFO[39m (17568): [36mServer running on http://localhost:5002[39m
    [35mservice[39m: "gaa-builders"
    [35menv[39m: "development"
    [35mcomponent[39m: "server"
    [35mport[39m: 5002
[02:11:52.133] [32mINFO[39m (17568): [36mRedis connecting[39m
    [35mservice[39m: "gaa-builders"
    [35menv[39m: "development"
    [35mcomponent[39m: "redis"
[02:11:52.152] [32mINFO[39m (17568): [36mRedis ready[39m
    [35mservice[39m: "gaa-builders"
    [35menv[39m: "development"
    [35mcomponent[39m: "redis"
[02:11:52.152] [32mINFO[39m (17568): [36mRedis connected successfully[39m
    [35mservice[39m: "gaa-builders"
    [35menv[39m: "development"
    [35mcomponent[39m: "redis"
    [35mhost[39m: "redis-17894.crce292.ap-south-1-2.ec2.cloud.redislabs.com"
    [35mport[39m: 17894
[02:12:10.413] [32mINFO[39m (17568): [36m← GET /api/health 200 43ms[39m
    [35mservice[39m: "gaa-builders"
    [35menv[39m: "development"
    [35mcomponent[39m: "http"
    [35mmethod[39m: "GET"
    [35mpath[39m: "/api/health"
    [35mstatus[39m: 200
    [35mduration_ms[39m: 43
